TN:
SF:/Users/coolson/TECPencilBlue/plugins/pencilblue_sitemap/services/crawl_service.js
FN:1,CrawlServiceModule
FN:10,CrawlService
FN:25,(anonymous_3)
FN:40,(anonymous_4)
FN:44,(anonymous_5)
FN:46,(anonymous_6)
FN:47,(anonymous_7)
FN:52,(anonymous_8)
FN:55,(anonymous_9)
FN:65,(anonymous_10)
FN:79,pathIsNotAFile
FN:82,urlIsNotAlreadyInSiteMap
FN:83,(anonymous_13)
FN:90,listDoesNotContainItem
FN:91,(anonymous_15)
FN:97,stripQueryString
FN:104,getPagePriority
FN:114,loadSettings
FN:115,(anonymous_19)
FNF:19
FNH:18
FNDA:1,CrawlServiceModule
FNDA:1,CrawlService
FNDA:1,(anonymous_3)
FNDA:1,(anonymous_4)
FNDA:1,(anonymous_5)
FNDA:1,(anonymous_6)
FNDA:2,(anonymous_7)
FNDA:0,(anonymous_8)
FNDA:38,(anonymous_9)
FNDA:2,(anonymous_10)
FNDA:38,pathIsNotAFile
FNDA:6,urlIsNotAlreadyInSiteMap
FNDA:12,(anonymous_13)
FNDA:10,listDoesNotContainItem
FNDA:20,(anonymous_15)
FNDA:76,stripQueryString
FNDA:3,getPagePriority
FNDA:1,loadSettings
FNDA:1,(anonymous_19)
DA:1,1
DA:2,1
DA:3,1
DA:4,1
DA:5,1
DA:10,1
DA:25,1
DA:26,1
DA:27,1
DA:40,1
DA:41,1
DA:44,1
DA:45,1
DA:46,1
DA:47,1
DA:48,2
DA:49,2
DA:50,2
DA:51,2
DA:52,2
DA:53,0
DA:55,2
DA:56,38
DA:57,38
DA:58,38
DA:59,3
DA:65,2
DA:66,2
DA:67,2
DA:68,1
DA:69,1
DA:70,1
DA:73,2
DA:79,1
DA:80,38
DA:82,1
DA:83,6
DA:84,12
DA:86,6
DA:87,6
DA:90,1
DA:91,10
DA:92,20
DA:94,10
DA:97,1
DA:98,76
DA:99,0
DA:101,76
DA:104,1
DA:105,3
DA:106,1
DA:108,2
DA:109,1
DA:111,1
DA:114,1
DA:115,1
DA:116,1
DA:119,1
DA:123,1
LF:59
LH:57
BRDA:53,1,0,0
BRDA:53,1,1,0
BRDA:58,2,0,3
BRDA:58,2,1,35
BRDA:58,3,0,38
BRDA:58,3,1,10
BRDA:58,3,2,6
BRDA:67,4,0,1
BRDA:67,4,1,1
BRDA:98,5,0,0
BRDA:98,5,1,76
BRDA:105,6,0,1
BRDA:105,6,1,2
BRDA:108,7,0,1
BRDA:108,7,1,1
BRF:15
BRH:12
end_of_record
TN:
SF:/Users/coolson/TECPencilBlue/plugins/pencilblue_sitemap/controllers/site_map.js
FN:1,SiteMapModule
FN:8,SiteMapController
FN:12,(anonymous_3)
FN:15,(anonymous_4)
FN:16,(anonymous_5)
FN:17,(anonymous_6)
FN:29,(anonymous_7)
FNF:7
FNH:3
FNDA:1,SiteMapModule
FNDA:1,SiteMapController
FNDA:0,(anonymous_3)
FNDA:0,(anonymous_4)
FNDA:0,(anonymous_5)
FNDA:0,(anonymous_6)
FNDA:1,(anonymous_7)
DA:1,1
DA:2,1
DA:4,1
DA:5,1
DA:6,1
DA:8,1
DA:10,1
DA:12,1
DA:13,0
DA:14,0
DA:15,0
DA:16,0
DA:17,0
DA:18,0
DA:21,0
DA:29,1
DA:30,1
DA:39,1
DA:42,1
LF:19
LH:12
BRF:0
BRH:0
end_of_record
TN:
SF:/Users/coolson/TECPencilBlue/plugins/pencilblue_sitemap/services/sitemap_service.js
FN:1,SitemapServiceModule
FN:10,SitemapService
FN:25,(anonymous_3)
FN:40,(anonymous_4)
FN:44,(anonymous_5)
FN:45,(anonymous_6)
FN:56,(anonymous_7)
FN:62,(anonymous_8)
FN:68,loadSitemap
FN:69,(anonymous_10)
FN:75,(anonymous_11)
FN:90,saveSiteMap
FN:101,(anonymous_13)
FNF:13
FNH:11
FNDA:1,SitemapServiceModule
FNDA:1,SitemapService
FNDA:0,(anonymous_3)
FNDA:0,(anonymous_4)
FNDA:1,(anonymous_5)
FNDA:1,(anonymous_6)
FNDA:1,(anonymous_7)
FNDA:1,(anonymous_8)
FNDA:1,loadSitemap
FNDA:1,(anonymous_10)
FNDA:1,(anonymous_11)
FNDA:1,saveSiteMap
FNDA:1,(anonymous_13)
DA:1,1
DA:2,1
DA:3,1
DA:4,1
DA:5,1
DA:10,1
DA:25,1
DA:26,0
DA:27,0
DA:40,1
DA:41,0
DA:44,1
DA:45,1
DA:46,1
DA:47,0
DA:50,1
DA:51,1
DA:56,1
DA:57,1
DA:62,1
DA:63,1
DA:64,1
DA:68,1
DA:69,1
DA:70,1
DA:71,1
DA:72,0
DA:75,1
DA:76,1
DA:77,0
DA:79,1
DA:80,1
DA:83,0
DA:90,1
DA:91,1
DA:92,0
DA:93,0
DA:100,1
DA:101,1
DA:102,1
DA:103,0
DA:106,1
DA:111,1
LF:43
LH:33
BRDA:46,1,0,0
BRDA:46,1,1,1
BRDA:71,2,0,0
BRDA:71,2,1,1
BRDA:76,3,0,0
BRDA:76,3,1,1
BRDA:79,4,0,1
BRDA:79,4,1,0
BRDA:91,5,0,0
BRDA:91,5,1,1
BRDA:102,6,0,0
BRDA:102,6,1,1
BRF:12
BRH:6
end_of_record
